<?xml version="1.0" encoding="UTF-8"?>
<!-- Generated by org.testng.reporters.JUnitReportReporter -->
<testsuite hostname="DESKTOP-I9IFEEO" failures="0" tests="1" name="Automation_Exercises.Automation_Exercises.AppTest" time="0.015" errors="0" timestamp="2025-04-15T13:15:39 IST" skipped="0">
  <testcase classname="Automation_Exercises.Automation_Exercises.AppTest" name="shouldAnswerWithTrue" time="0.015"/>
</testsuite> <!-- Automation_Exercises.Automation_Exercises.AppTest -->
