<?xml version="1.0" encoding="UTF-8"?>
<!-- Generated by org.testng.reporters.JUnitReportReporter -->
<testsuite hostname="DESKTOP-I9IFEEO" failures="0" tests="1" name="automation.tests.AutomationexerciseTest" time="14.818" errors="0" timestamp="2025-04-15T18:15:38 IST" skipped="0">
  <testcase classname="automation.tests.AutomationexerciseTest" name="loginflow" time="14.818"/>
</testsuite> <!-- automation.tests.AutomationexerciseTest -->
